{"level":"error","message":"Bot xatosi [callback_query]: next() called multiple times","stack":"Error: next() called multiple times\n    at execute (C:\\Users\\user\\Desktop\\bot_node\\node_modules\\telegraf\\lib\\composer.js:514:27)\n    at C:\\Users\\user\\Desktop\\bot_node\\node_modules\\telegraf\\lib\\composer.js:519:27\n    at C:\\Users\\user\\Desktop\\bot_node\\index.js:64:11\n    at process.processTicksAndRejections (node:internal/process/task_queues:104:5)\n    at async execute (C:\\Users\\user\\Desktop\\bot_node\\node_modules\\telegraf\\lib\\composer.js:518:17)\n    at async C:\\Users\\user\\Desktop\\bot_node\\node_modules\\telegraf\\lib\\composer.js:519:21\n    at async execute (C:\\Users\\user\\Desktop\\bot_node\\node_modules\\telegraf\\lib\\composer.js:518:17)\n    at async execute (C:\\Users\\user\\Desktop\\bot_node\\node_modules\\telegraf\\lib\\composer.js:518:17)\n    at async execute (C:\\Users\\user\\Desktop\\bot_node\\node_modules\\telegraf\\lib\\composer.js:518:17)\n    at async execute (C:\\Users\\user\\Desktop\\bot_node\\node_modules\\telegraf\\lib\\composer.js:518:17)","timestamp":"2026-04-14T18:45:13.406Z"}
{"level":"error","message":"Bot xatosi [message]: Promise timed out after 90000 milliseconds","stack":"TimeoutError: Promise timed out after 90000 milliseconds\n    at Timeout._onTimeout (C:\\Users\\user\\Desktop\\bot_node\\node_modules\\p-timeout\\index.js:39:64)\n    at listOnTimeout (node:internal/timers:605:17)\n    at process.processTimers (node:internal/timers:541:7)","timestamp":"2026-04-14T21:16:59.876Z"}
{"level":"info","message":"🤖 Bot ishga tushdi","timestamp":"2026-04-15T20:17:26.819Z"}
{"level":"info","message":"user:start","name":"𝙼𝚞𝚑𝚊𝚖𝚖𝚊𝚍𝚊𝚖𝚒𝚗 𝙰𝚟𝚊𝚣𝚘𝚟","timestamp":"2026-04-15T20:17:41.315Z","userId":2014973670}
{"level":"info","message":"🤖 Bot ishga tushdi","timestamp":"2026-04-15T20:19:48.372Z"}
{"level":"info","message":"user:start","name":"𝙼𝚞𝚑𝚊𝚖𝚖𝚊𝚍𝚊𝚖𝚒𝚗 𝙰𝚟𝚊𝚣𝚘𝚟","timestamp":"2026-04-15T20:19:55.535Z","userId":2014973670}
{"level":"info","message":"contact:admin","timestamp":"2026-04-15T20:22:04.055Z","userId":2014973670}
{"level":"info","message":"admin:reply","targetUserId":2014973670,"timestamp":"2026-04-15T20:22:15.730Z"}
{"level":"info","message":"contact:admin","timestamp":"2026-04-15T20:22:38.157Z","userId":2014973670}
{"level":"info","message":"admin:reply","targetUserId":2014973670,"timestamp":"2026-04-15T20:22:51.265Z"}
{"level":"info","message":"⚡ SIGINT received — graceful shutdown started","timestamp":"2026-04-15T20:26:46.261Z"}
{"level":"info","message":"🤖 Bot ishga tushdi","timestamp":"2026-04-15T20:26:56.409Z"}
{"level":"info","message":"user:start","name":"𝙼𝚞𝚑𝚊𝚖𝚖𝚊𝚍𝚊𝚖𝚒𝚗 𝙰𝚟𝚊𝚣𝚘𝚟","timestamp":"2026-04-15T20:26:59.907Z","userId":2014973670}
{"level":"info","message":"⚡ SIGINT received — graceful shutdown started","timestamp":"2026-04-15T20:35:48.587Z"}
{"level":"info","message":"🤖 Bot ishga tushdi","timestamp":"2026-04-15T20:54:32.330Z"}
{"level":"info","message":"user:start","name":"𝙼𝚞𝚑𝚊𝚖𝚖𝚊𝚍𝚊𝚖𝚒𝚗 𝙰𝚟𝚊𝚣𝚘𝚟","timestamp":"2026-04-15T20:54:40.536Z","userId":2014973670}
{"level":"info","message":"🤖 Bot ishga tushdi","timestamp":"2026-04-16T14:51:34.874Z"}
{"level":"info","message":"user:start","name":"𝙼𝚞𝚑𝚊𝚖𝚖𝚊𝚍𝚊𝚖𝚒𝚗 𝙰𝚟𝚊𝚣𝚘𝚟","timestamp":"2026-04-16T14:51:53.160Z","userId":2014973670}
{"level":"info","message":"⚡ SIGINT received — graceful shutdown started","timestamp":"2026-04-16T14:52:24.448Z"}
{"level":"info","message":"🤖 Bot ishga tushdi","timestamp":"2026-04-16T14:55:10.569Z"}
{"level":"info","message":"⚡ SIGINT received — graceful shutdown started","timestamp":"2026-04-16T15:03:13.963Z"}
{"level":"info","message":"🤖 Bot ishga tushdi","timestamp":"2026-04-16T15:03:23.028Z"}
{"level":"info","message":"user:start","name":"𝙼𝚞𝚑𝚊𝚖𝚖𝚊𝚍𝚊𝚖𝚒𝚗 𝙰𝚟𝚊𝚣𝚘𝚟","timestamp":"2026-04-16T15:03:38.961Z","userId":2014973670}
{"level":"info","message":"user:start","name":"𝙼𝚞𝚑𝚊𝚖𝚖𝚊𝚍𝚊𝚖𝚒𝚗 𝙰𝚟𝚊𝚣𝚘𝚟","timestamp":"2026-04-16T15:06:38.415Z","userId":2014973670}
{"level":"info","message":"user:start","name":"𝙼𝚞𝚑𝚊𝚖𝚖𝚊𝚍𝚊𝚖𝚒𝚗 𝙰𝚟𝚊𝚣𝚘𝚟","timestamp":"2026-04-16T15:09:28.670Z","userId":2014973670}
{"level":"info","message":"🤖 Bot ishga tushdi","timestamp":"2026-04-17T16:55:54.166Z"}
{"level":"info","message":"⚡ SIGINT received — graceful shutdown started","timestamp":"2026-04-17T17:05:37.065Z"}
{"level":"info","message":"🤖 Bot ishga tushdi","timestamp":"2026-04-17T17:05:49.922Z"}
{"level":"info","message":"⚡ SIGINT received — graceful shutdown started","timestamp":"2026-04-17T17:13:05.087Z"}
{"level":"info","message":"🤖 Bot ishga tushdi","timestamp":"2026-04-17T17:13:16.612Z"}
{"level":"info","message":"🤖 Bot ishga tushdi","timestamp":"2026-04-17T17:17:24.950Z"}
{"level":"info","message":"⚡ SIGINT received — graceful shutdown started","timestamp":"2026-04-17T17:25:35.408Z"}
{"level":"info","message":"🤖 Bot ishga tushdi","timestamp":"2026-04-17T17:25:46.846Z"}
{"level":"info","message":"user:start","name":"Shahzoda","timestamp":"2026-04-17T17:28:21.292Z","userId":1257532925}
{"chatId":1257532925,"level":"info","message":"test:start","questionCount":10,"subject":"ai","testId":"ugc_17","timestamp":"2026-04-17T17:28:23.321Z","type":"private"}
{"level":"info","message":"user:start","name":"Shahzoda","timestamp":"2026-04-17T18:15:27.092Z","userId":1257532925}
{"level":"info","message":"⚡ SIGINT received — graceful shutdown started","timestamp":"2026-04-17T18:16:04.205Z"}
{"level":"info","message":"🤖 Bot ishga tushdi","timestamp":"2026-04-17T19:27:40.059Z"}
{"level":"info","message":"user:start","name":"𝙼𝚞𝚑𝚊𝚖𝚖𝚊𝚍𝚊𝚖𝚒𝚗 𝙰𝚟𝚊𝚣𝚘𝚟","timestamp":"2026-04-17T20:02:19.619Z","userId":2014973670}
{"level":"info","message":"🤖 Bot ishga tushdi","timestamp":"2026-04-17T20:49:26.726Z"}
{"level":"info","message":"🤖 Bot ishga tushdi","timestamp":"2026-04-18T11:39:54.121Z"}
{"level":"info","message":"🤖 Bot ishga tushdi","timestamp":"2026-04-18T12:32:21.262Z"}
{"level":"info","message":"⚡ SIGINT received — graceful shutdown started","timestamp":"2026-04-18T12:49:44.526Z"}
{"level":"info","message":"🤖 Bot ishga tushdi","timestamp":"2026-04-18T12:52:35.377Z"}
{"level":"info","message":"⚡ SIGINT received — graceful shutdown started","timestamp":"2026-04-18T13:39:26.913Z"}
{"level":"info","message":"🤖 Bot ishga tushdi","timestamp":"2026-04-18T13:39:36.704Z"}
{"level":"info","message":"⚡ SIGINT received — graceful shutdown started","timestamp":"2026-04-18T13:44:24.477Z"}
{"level":"info","message":"🤖 Bot ishga tushdi","timestamp":"2026-04-19T08:46:59.356Z"}
{"level":"info","message":"🤖 Bot ishga tushdi","timestamp":"2026-04-19T09:38:55.189Z"}
{"level":"info","message":"⚡ SIGINT received — graceful shutdown started","timestamp":"2026-04-19T09:49:18.766Z"}
{"level":"info","message":"🤖 Bot ishga tushdi","timestamp":"2026-04-20T11:07:05.238Z"}
{"level":"info","message":"user:start","name":"𝙼𝚞𝚑𝚊𝚖𝚖𝚊𝚍𝚊𝚖𝚒𝚗 𝙰𝚟𝚊𝚣𝚘𝚟","timestamp":"2026-04-20T11:07:38.573Z","userId":2014973670}
{"level":"info","message":"user:start","name":"𝙼𝚞𝚑𝚊𝚖𝚖𝚊𝚍𝚊𝚖𝚒𝚗 𝙰𝚟𝚊𝚣𝚘𝚟","timestamp":"2026-04-20T11:07:41.040Z","userId":2014973670}
{"level":"info","message":"⚡ SIGINT received — graceful shutdown started","timestamp":"2026-04-20T11:11:49.160Z"}
{"level":"info","message":"🤖 Bot ishga tushdi","timestamp":"2026-04-20T11:11:58.636Z"}
{"level":"info","message":"user:start","name":"𝙼𝚞𝚑𝚊𝚖𝚖𝚊𝚍𝚊𝚖𝚒𝚗 𝙰𝚟𝚊𝚣𝚘𝚟","timestamp":"2026-04-20T11:12:04.879Z","userId":2014973670}
{"level":"info","message":"⚡ SIGINT received — graceful shutdown started","timestamp":"2026-04-20T11:14:09.730Z"}
{"level":"info","message":"🤖 Bot ishga tushdi","timestamp":"2026-04-20T14:23:37.819Z"}
{"level":"info","message":"user:start","name":"𝙼𝚞𝚑𝚊𝚖𝚖𝚊𝚍𝚊𝚖𝚒𝚗 𝙰𝚟𝚊𝚣𝚘𝚟","timestamp":"2026-04-20T14:26:29.344Z","userId":2014973670}
{"level":"info","message":"⚡ SIGINT received — graceful shutdown started","timestamp":"2026-04-20T14:27:34.984Z"}
{"level":"info","message":"🤖 Bot ishga tushdi","timestamp":"2026-04-20T14:28:17.075Z"}
{"level":"info","message":"user:start","name":"𝙼𝚞𝚑𝚊𝚖𝚖𝚊𝚍𝚊𝚖𝚒𝚗 𝙰𝚟𝚊𝚣𝚘𝚟","timestamp":"2026-04-20T14:28:46.665Z","userId":2014973670}
{"level":"info","message":"⚡ SIGINT received — graceful shutdown started","timestamp":"2026-04-20T14:28:58.234Z"}
{"level":"info","message":"🤖 Bot ishga tushdi","timestamp":"2026-04-23T10:56:09.825Z"}
{"level":"info","message":"🤖 Bot ishga tushdi","timestamp":"2026-04-23T11:03:45.133Z"}
{"level":"info","message":"🤖 Bot ishga tushdi","timestamp":"2026-04-23T11:04:00.153Z"}
{"level":"info","message":"🤖 Bot ishga tushdi","timestamp":"2026-04-23T11:05:14.930Z"}
{"level":"info","message":"🤖 Bot ishga tushdi","timestamp":"2026-04-23T11:09:03.362Z"}
{"level":"info","message":"🤖 Bot ishga tushdi","timestamp":"2026-04-23T11:09:15.676Z"}
{"level":"info","message":"🤖 Bot ishga tushdi","timestamp":"2026-04-23T11:09:26.276Z"}
{"level":"info","message":"⚡ SIGINT received — graceful shutdown started","timestamp":"2026-04-23T11:09:42.698Z"}
{"level":"info","message":"🤖 Bot ishga tushdi","timestamp":"2026-04-23T11:12:25.609Z"}
{"level":"info","message":"🤖 Bot ishga tushdi","timestamp":"2026-04-23T11:13:28.174Z"}
{"level":"info","message":"user:start","name":"𝙼𝚞𝚑𝚊𝚖𝚖𝚊𝚍𝚊𝚖𝚒𝚗 𝙰𝚟𝚊𝚣𝚘𝚟","timestamp":"2026-04-23T11:14:25.105Z","userId":2014973670}
{"level":"info","message":"🤖 Bot ishga tushdi","timestamp":"2026-04-23T11:15:44.448Z"}
{"level":"info","message":"🤖 Bot ishga tushdi","timestamp":"2026-04-23T11:19:20.269Z"}
{"level":"info","message":"admin:reply","targetUserId":6820585152,"timestamp":"2026-04-23T11:19:26.306Z"}
{"level":"info","message":"⚡ SIGINT received — graceful shutdown started","timestamp":"2026-04-23T11:22:49.402Z"}
{"level":"info","message":"🤖 Bot ishga tushdi","timestamp":"2026-05-20T20:41:02.269Z"}
{"level":"info","message":"⚡ SIGINT received — graceful shutdown started","timestamp":"2026-05-20T20:43:08.395Z"}
{"level":"info","message":"🤖 Bot ishga tushdi","timestamp":"2026-05-20T20:43:19.992Z"}
{"level":"info","message":"user:start","name":"𝙼𝚞𝚑𝚊𝚖𝚖𝚊𝚍𝚊𝚖𝚒𝚗 𝙰𝚟𝚊𝚣𝚘𝚟","timestamp":"2026-05-20T20:43:35.651Z","userId":2014973670}
{"level":"info","message":"⚡ SIGINT received — graceful shutdown started","timestamp":"2026-05-20T20:46:35.176Z"}
{"level":"info","message":"📦 BullMQ queues paused","timestamp":"2026-05-20T20:47:37.739Z"}
{"level":"info","message":"👷 BullMQ workers closed","timestamp":"2026-05-20T20:47:38.253Z"}
{"level":"info","message":"📡 Sentry flushed","timestamp":"2026-05-20T20:47:38.270Z"}
{"level":"info","message":"🔌 Redis connection closed","timestamp":"2026-05-20T20:47:38.557Z"}
{"level":"info","message":"🤖 Bot ishga tushdi","timestamp":"2026-05-20T20:49:26.702Z"}
{"level":"info","message":"⚡ SIGINT received — graceful shutdown started","timestamp":"2026-05-20T20:50:16.711Z"}
{"level":"info","message":"📦 BullMQ queues paused","timestamp":"2026-05-20T20:50:17.246Z"}
{"level":"info","message":"👷 BullMQ workers closed","timestamp":"2026-05-20T20:50:18.410Z"}
{"level":"info","message":"📡 Sentry flushed","timestamp":"2026-05-20T20:50:18.417Z"}
{"level":"info","message":"🔌 Redis connection closed","timestamp":"2026-05-20T20:50:18.634Z"}
{"level":"info","message":"🤖 Bot ishga tushdi","timestamp":"2026-05-20T20:55:59.800Z"}
{"level":"info","message":"⚡ SIGINT received — graceful shutdown started","timestamp":"2026-05-20T21:08:19.931Z"}
{"level":"info","message":"🤖 Bot ishga tushdi","timestamp":"2026-05-20T21:08:29.852Z"}
{"level":"info","message":"⚡ SIGINT received — graceful shutdown started","timestamp":"2026-05-20T21:12:48.220Z"}
{"level":"info","message":"🤖 Bot ishga tushdi","timestamp":"2026-05-20T21:13:02.913Z"}
{"level":"info","message":"🤖 Bot ishga tushdi","timestamp":"2026-05-20T21:17:18.500Z"}
{"level":"info","message":"🤖 Bot ishga tushdi","timestamp":"2026-05-20T21:22:38.838Z"}
{"level":"info","message":"⚡ SIGINT received — graceful shutdown started","timestamp":"2026-05-20T21:45:23.339Z"}
{"level":"info","message":"🤖 Bot ishga tushdi","timestamp":"2026-05-21T08:38:03.386Z"}
{"level":"info","message":"user:start","name":"𝙼𝚞𝚑𝚊𝚖𝚖𝚊𝚍𝚊𝚖𝚒𝚗 𝙰𝚟𝚊𝚣𝚘𝚟","timestamp":"2026-05-21T08:39:31.651Z","userId":2014973670}
{"level":"info","message":"⚡ SIGINT received — graceful shutdown started","timestamp":"2026-05-21T08:50:50.298Z"}
{"level":"info","message":"🤖 Bot ishga tushdi","timestamp":"2026-05-21T08:51:00.762Z"}
{"level":"info","message":"user:start","name":"𝙼𝚞𝚑𝚊𝚖𝚖𝚊𝚍𝚊𝚖𝚒𝚗 𝙰𝚟𝚊𝚣𝚘𝚟","timestamp":"2026-05-21T08:51:02.487Z","userId":2014973670}
{"error":"Cannot read properties of undefined (reading 'safeParse')","level":"error","message":"Session Redis xatosi:","timestamp":"2026-05-21T08:51:48.672Z"}
{"level":"info","message":"⚡ SIGINT received — graceful shutdown started","timestamp":"2026-05-21T08:52:18.160Z"}
{"level":"info","message":"🤖 Bot ishga tushdi","timestamp":"2026-05-21T08:52:29.241Z"}
{"level":"info","message":"user:start","name":"𝙼𝚞𝚑𝚊𝚖𝚖𝚊𝚍𝚊𝚖𝚒𝚗 𝙰𝚟𝚊𝚣𝚘𝚟","timestamp":"2026-05-21T08:52:32.919Z","userId":2014973670}
{"error":"Cannot read properties of undefined (reading 'safeParse')","level":"error","message":"Session Redis xatosi:","timestamp":"2026-05-21T08:52:47.601Z"}
{"level":"info","message":"⚡ SIGINT received — graceful shutdown started","timestamp":"2026-05-21T08:54:32.538Z"}
{"level":"info","message":"🤖 Bot ishga tushdi","timestamp":"2026-05-21T08:54:54.245Z"}
{"level":"info","message":"user:start","name":"𝙼𝚞𝚑𝚊𝚖𝚖𝚊𝚍𝚊𝚖𝚒𝚗 𝙰𝚟𝚊𝚣𝚘𝚟","timestamp":"2026-05-21T08:54:57.816Z","userId":2014973670}
{"level":"info","message":"user:start","name":"𝙼𝚞𝚑𝚊𝚖𝚖𝚊𝚍𝚊𝚖𝚒𝚗 𝙰𝚟𝚊𝚣𝚘𝚟","timestamp":"2026-05-21T08:56:18.986Z","userId":2014973670}
{"level":"info","message":"⚡ SIGINT received — graceful shutdown started","timestamp":"2026-05-21T09:06:51.470Z"}
{"level":"info","message":"🤖 Bot ishga tushdi","timestamp":"2026-05-21T09:06:59.397Z"}
{"level":"info","message":"user:start","name":"𝙼𝚞𝚑𝚊𝚖𝚖𝚊𝚍𝚊𝚖𝚒𝚗 𝙰𝚟𝚊𝚣𝚘𝚟","timestamp":"2026-05-21T09:07:05.517Z","userId":2014973670}
{"error":"data is not defined","level":"error","message":"Session Redis xatosi:","timestamp":"2026-05-21T09:07:37.673Z"}
{"error":"data is not defined","level":"error","message":"Session Redis xatosi:","timestamp":"2026-05-21T09:07:44.180Z"}
{"level":"info","message":"⚡ SIGINT received — graceful shutdown started","timestamp":"2026-05-21T09:10:54.701Z"}
{"level":"info","message":"🤖 Bot ishga tushdi","timestamp":"2026-05-21T09:11:03.864Z"}
{"level":"info","message":"user:start","name":"𝙼𝚞𝚑𝚊𝚖𝚖𝚊𝚍𝚊𝚖𝚒𝚗 𝙰𝚟𝚊𝚣𝚘𝚟","timestamp":"2026-05-21T09:11:06.168Z","userId":2014973670}
{"level":"info","message":"⚡ SIGINT received — graceful shutdown started","timestamp":"2026-05-21T09:13:50.419Z"}
{"level":"info","message":"🤖 Bot ishga tushdi","timestamp":"2026-05-21T09:13:59.966Z"}
{"count":5,"level":"info","message":"ai:generate","timestamp":"2026-05-21T09:15:17.334Z","type":"text"}
{"level":"info","message":"⚡ SIGINT received — graceful shutdown started","timestamp":"2026-05-21T09:19:43.024Z"}
{"level":"info","message":"🤖 Bot ishga tushdi","timestamp":"2026-05-21T10:00:08.318Z"}
{"level":"info","message":"user:start","name":"𝙼𝚞𝚑𝚊𝚖𝚖𝚊𝚍𝚊𝚖𝚒𝚗 𝙰𝚟𝚊𝚣𝚘𝚟","timestamp":"2026-05-21T10:00:23.060Z","userId":2014973670}
{"count":5,"level":"info","message":"ai:generate","timestamp":"2026-05-21T10:01:10.465Z","type":"text"}
{"error":"Cannot set property callbackQuery of #<Context> which has only a getter","level":"error","message":"Session Redis xatosi:","timestamp":"2026-05-21T10:01:36.077Z"}
{"level":"info","message":"⚡ SIGINT received — graceful shutdown started","timestamp":"2026-05-21T10:06:04.850Z"}
{"level":"info","message":"🤖 Bot ishga tushdi","timestamp":"2026-05-21T10:06:14.365Z"}
{"level":"info","message":"user:start","name":"𝙼𝚞𝚑𝚊𝚖𝚖𝚊𝚍𝚊𝚖𝚒𝚗 𝙰𝚟𝚊𝚣𝚘𝚟","timestamp":"2026-05-21T10:06:16.771Z","userId":2014973670}
{"count":5,"level":"info","message":"ai:generate","timestamp":"2026-05-21T10:06:49.188Z","type":"text"}
{"level":"info","message":"user:start","name":"𝙼𝚞𝚑𝚊𝚖𝚖𝚊𝚍𝚊𝚖𝚒𝚗 𝙰𝚟𝚊𝚣𝚘𝚟","timestamp":"2026-05-21T10:25:08.883Z","userId":2014973670}
{"level":"info","message":"⚡ SIGINT received — graceful shutdown started","timestamp":"2026-05-21T12:33:47.512Z"}
{"level":"info","message":"🤖 Bot ishga tushdi","timestamp":"2026-05-21T12:38:47.133Z"}
{"level":"info","message":"user:start","name":"𝙼𝚞𝚑𝚊𝚖𝚖𝚊𝚍𝚊𝚖𝚒𝚗 𝙰𝚟𝚊𝚣𝚘𝚟","timestamp":"2026-05-21T12:39:09.782Z","userId":2014973670}
{"level":"info","message":"⚡ SIGINT received — graceful shutdown started","timestamp":"2026-05-21T12:42:49.548Z"}
{"level":"info","message":"🤖 Bot ishga tushdi","timestamp":"2026-05-21T12:43:00.101Z"}
{"level":"info","message":"user:start","name":"𝙼𝚞𝚑𝚊𝚖𝚖𝚊𝚍𝚊𝚖𝚒𝚗 𝙰𝚟𝚊𝚣𝚘𝚟","timestamp":"2026-05-21T12:43:05.115Z","userId":2014973670}
{"level":"info","message":"user:start","name":"𝙼𝚞𝚑𝚊𝚖𝚖𝚊𝚍𝚊𝚖𝚒𝚗 𝙰𝚟𝚊𝚣𝚘𝚟","timestamp":"2026-05-21T12:43:13.723Z","userId":2014973670}
{"level":"info","message":"⚡ SIGINT received — graceful shutdown started","timestamp":"2026-05-21T12:44:09.580Z"}
{"level":"info","message":"📦 BullMQ queues paused","timestamp":"2026-05-21T12:44:09.878Z"}
{"level":"info","message":"👷 BullMQ workers closed","timestamp":"2026-05-21T12:44:10.240Z"}
{"level":"info","message":"📡 Sentry flushed","timestamp":"2026-05-21T12:44:10.248Z"}
{"level":"info","message":"🔌 Redis connection closed","timestamp":"2026-05-21T12:44:10.445Z"}
{"level":"info","message":"🤖 Bot ishga tushdi","timestamp":"2026-05-21T12:44:21.821Z"}
{"level":"info","message":"user:start","name":"𝙼𝚞𝚑𝚊𝚖𝚖𝚊𝚍𝚊𝚖𝚒𝚗 𝙰𝚟𝚊𝚣𝚘𝚟","timestamp":"2026-05-21T12:44:29.293Z","userId":2014973670}
{"level":"info","message":"user:start","name":"𝙼𝚞𝚑𝚊𝚖𝚖𝚊𝚍𝚊𝚖𝚒𝚗 𝙰𝚟𝚊𝚣𝚘𝚟","timestamp":"2026-05-21T12:44:37.483Z","userId":2014973670}
{"level":"info","message":"⚡ SIGINT received — graceful shutdown started","timestamp":"2026-05-21T12:51:05.980Z"}
{"level":"info","message":"🤖 Bot ishga tushdi","timestamp":"2026-05-21T12:51:49.141Z"}
{"level":"info","message":"⚡ SIGINT received — graceful shutdown started","timestamp":"2026-05-21T12:54:57.540Z"}
{"level":"info","message":"🤖 Bot ishga tushdi","timestamp":"2026-05-21T12:55:07.699Z"}
{"chatId":"2014973670","correct":1,"elapsed":16,"level":"info","message":"test:finish","percent":25,"subject":"Qy","testId":"ugc_110","timestamp":"2026-05-21T12:55:31.860Z","wrong":3}
{"level":"info","message":"user:start","name":"𝙼𝚞𝚑𝚊𝚖𝚖𝚊𝚍𝚊𝚖𝚒𝚗 𝙰𝚟𝚊𝚣𝚘𝚟","timestamp":"2026-05-21T12:59:30.980Z","userId":2014973670}
{"chatId":"2014973670","correct":0,"elapsed":28,"level":"info","message":"test:finish","percent":0,"subject":"Qy","testId":"ugc_109","timestamp":"2026-05-21T13:00:03.441Z","wrong":1}
{"level":"info","message":"user:start","name":"𝙼𝚞𝚑𝚊𝚖𝚖𝚊𝚍𝚊𝚖𝚒𝚗 𝙰𝚟𝚊𝚣𝚘𝚟","timestamp":"2026-05-21T13:04:06.759Z","userId":2014973670}
{"level":"info","message":"user:start","name":"𝙼𝚞𝚑𝚊𝚖𝚖𝚊𝚍𝚊𝚖𝚒𝚗 𝙰𝚟𝚊𝚣𝚘𝚟","timestamp":"2026-05-21T13:04:42.500Z","userId":2014973670}
{"level":"info","message":"⚡ SIGINT received — graceful shutdown started","timestamp":"2026-05-21T13:05:27.287Z"}
{"level":"info","message":"🤖 Bot ishga tushdi","timestamp":"2026-05-21T16:31:18.091Z"}
{"level":"info","message":"user:start","name":"𝙼𝚞𝚑𝚊𝚖𝚖𝚊𝚍𝚊𝚖𝚒𝚗 𝙰𝚟𝚊𝚣𝚘𝚟","timestamp":"2026-05-21T16:31:35.380Z","userId":2014973670}
{"level":"info","message":"⚡ SIGINT received — graceful shutdown started","timestamp":"2026-05-21T16:42:11.765Z"}
{"level":"info","message":"🤖 Bot ishga tushdi","timestamp":"2026-05-21T16:49:21.589Z"}
{"level":"info","message":"⚡ SIGINT received — graceful shutdown started","timestamp":"2026-05-21T17:02:19.204Z"}
{"level":"info","message":"🤖 Bot ishga tushdi","timestamp":"2026-05-21T17:02:31.195Z"}
{"level":"info","message":"user:start","name":"Muhammadamin","timestamp":"2026-05-21T17:04:39.895Z","userId":7960845224}
{"level":"info","message":"contact:admin","messageType":"photo","timestamp":"2026-05-21T17:05:12.893Z","userId":7960845224}
{"adminId":2014973670,"level":"info","message":"contact:sent","timestamp":"2026-05-21T17:05:15.081Z","userId":7960845224}
{"level":"info","message":"admin:reply","targetUserId":7960845224,"timestamp":"2026-05-21T17:05:53.035Z"}
{"level":"info","message":"user:start","name":"𝙼𝚞𝚑𝚊𝚖𝚖𝚊𝚍𝚊𝚖𝚒𝚗 𝙰𝚟𝚊𝚣𝚘𝚟","timestamp":"2026-05-21T17:11:04.401Z","userId":2014973670}
{"level":"info","message":"user:start","name":"Muhammadamin","timestamp":"2026-05-21T17:11:05.678Z","userId":7960845224}
{"level":"info","message":"🤖 Bot ishga tushdi","timestamp":"2026-05-22T08:11:12.651Z"}
{"level":"info","message":"user:start","name":"𝙼𝚞𝚑𝚊𝚖𝚖𝚊𝚍𝚊𝚖𝚒𝚗 𝙰𝚟𝚊𝚣𝚘𝚟","timestamp":"2026-05-22T08:11:39.225Z","userId":2014973670}
{"level":"info","message":"⚡ SIGINT received — graceful shutdown started","timestamp":"2026-05-22T08:15:32.398Z"}
{"level":"info","message":"🤖 Bot ishga tushdi","timestamp":"2026-05-22T08:15:41.936Z"}
{"level":"info","message":"user:start","name":"𝙼𝚞𝚑𝚊𝚖𝚖𝚊𝚍𝚊𝚖𝚒𝚗 𝙰𝚟𝚊𝚣𝚘𝚟","timestamp":"2026-05-22T08:15:48.176Z","userId":2014973670}
{"level":"info","message":"⚡ SIGINT received — graceful shutdown started","timestamp":"2026-05-22T08:26:38.958Z"}
{"level":"info","message":"🤖 Bot ishga tushdi","timestamp":"2026-05-22T08:44:55.564Z"}
{"level":"info","message":"user:start","name":"𝙼𝚞𝚑𝚊𝚖𝚖𝚊𝚍𝚊𝚖𝚒𝚗 𝙰𝚟𝚊𝚣𝚘𝚟","timestamp":"2026-05-22T08:44:57.950Z","userId":2014973670}
{"level":"info","message":"user:start","name":"𝙼𝚞𝚑𝚊𝚖𝚖𝚊𝚍𝚊𝚖𝚒𝚗 𝙰𝚟𝚊𝚣𝚘𝚟","timestamp":"2026-05-22T08:51:41.888Z","userId":2014973670}
{"count":3,"level":"warn","message":"Rate limited","timestamp":"2026-05-22T09:22:42.969Z","type":"message","userId":8272452095}
{"count":4,"level":"warn","message":"Rate limited","timestamp":"2026-05-22T09:22:42.972Z","type":"message","userId":8272452095}
{"level":"info","message":"⚡ SIGINT received — graceful shutdown started","timestamp":"2026-05-22T09:28:47.769Z"}
{"level":"info","message":"🤖 Bot ishga tushdi","timestamp":"2026-05-22T09:29:09.144Z"}
{"level":"info","message":"user:start","name":"𝙼𝚞𝚑𝚊𝚖𝚖𝚊𝚍𝚊𝚖𝚒𝚗 𝙰𝚟𝚊𝚣𝚘𝚟","timestamp":"2026-05-22T09:29:26.304Z","userId":2014973670}
{"level":"info","message":"⚡ SIGINT received — graceful shutdown started","timestamp":"2026-05-22T09:59:59.341Z"}
{"level":"info","message":"🤖 Bot ishga tushdi","timestamp":"2026-05-22T10:00:10.739Z"}
{"level":"info","message":"user:start","name":"𝙼𝚞𝚑𝚊𝚖𝚖𝚊𝚍𝚊𝚖𝚒𝚗 𝙰𝚟𝚊𝚣𝚘𝚟","timestamp":"2026-05-22T10:00:13.845Z","userId":2014973670}
{"level":"info","message":"⚡ SIGINT received — graceful shutdown started","timestamp":"2026-05-22T10:14:40.029Z"}
{"level":"info","message":"🤖 Bot ishga tushdi","timestamp":"2026-05-22T10:14:49.440Z"}
{"error":"questions is not defined","level":"error","message":"Session Redis xatosi:","timestamp":"2026-05-22T10:15:49.312Z"}
{"level":"info","message":"⚡ SIGINT received — graceful shutdown started","timestamp":"2026-05-22T10:18:50.057Z"}
{"level":"info","message":"🤖 Bot ishga tushdi","timestamp":"2026-05-22T10:19:01.214Z"}
{"level":"info","message":"user:start","name":"𝙼𝚞𝚑𝚊𝚖𝚖𝚊𝚍𝚊𝚖𝚒𝚗 𝙰𝚟𝚊𝚣𝚘𝚟","timestamp":"2026-05-22T10:22:50.204Z","userId":2014973670}
{"level":"info","message":"⚡ SIGINT received — graceful shutdown started","timestamp":"2026-05-22T10:25:44.855Z"}
{"level":"info","message":"🤖 Bot ishga tushdi","timestamp":"2026-05-22T10:25:54.928Z"}
{"level":"info","message":"user:start","name":"𝙼𝚞𝚑𝚊𝚖𝚖𝚊𝚍𝚊𝚖𝚒𝚗 𝙰𝚟𝚊𝚣𝚘𝚟","timestamp":"2026-05-22T10:25:56.984Z","userId":2014973670}
{"level":"info","message":"🤖 Bot ishga tushdi","timestamp":"2026-05-23T15:28:47.273Z"}
{"level":"info","message":"⚡ SIGINT received — graceful shutdown started","timestamp":"2026-05-23T15:28:56.131Z"}
{"level":"info","message":"🤖 Bot ishga tushdi","timestamp":"2026-05-23T15:29:55.041Z"}
{"level":"info","message":"user:start","name":"𝙼𝚞𝚑𝚊𝚖𝚖𝚊𝚍𝚊𝚖𝚒𝚗 𝙰𝚟𝚊𝚣𝚘𝚟","timestamp":"2026-05-23T15:30:06.094Z","userId":2014973670}
{"error":"FORMAT_INSTRUCTIONS is not defined","level":"error","message":"Session Redis xatosi:","timestamp":"2026-05-23T15:30:26.205Z"}
{"level":"info","message":"⚡ SIGINT received — graceful shutdown started","timestamp":"2026-05-23T16:11:51.993Z"}
{"level":"info","message":"🤖 Bot ishga tushdi","timestamp":"2026-05-23T16:12:02.419Z"}
{"level":"info","message":"user:start","name":"𝙼𝚞𝚑𝚊𝚖𝚖𝚊𝚍𝚊𝚖𝚒𝚗 𝙰𝚟𝚊𝚣𝚘𝚟","timestamp":"2026-05-23T16:12:09.387Z","userId":2014973670}
{"level":"info","message":"⚡ SIGINT received — graceful shutdown started","timestamp":"2026-05-23T16:14:32.919Z"}
{"level":"info","message":"🤖 Bot ishga tushdi","timestamp":"2026-05-23T16:14:42.886Z"}
{"level":"info","message":"user:start","name":"𝙼𝚞𝚑𝚊𝚖𝚖𝚊𝚍𝚊𝚖𝚒𝚗 𝙰𝚟𝚊𝚣𝚘𝚟","timestamp":"2026-05-23T16:14:48.474Z","userId":2014973670}
{"level":"info","message":"⚡ SIGINT received — graceful shutdown started","timestamp":"2026-05-23T16:21:38.931Z"}
{"level":"info","message":"🤖 Bot ishga tushdi","timestamp":"2026-05-23T16:21:51.107Z"}
{"level":"info","message":"user:start","name":"𝙼𝚞𝚑𝚊𝚖𝚖𝚊𝚍𝚊𝚖𝚒𝚗 𝙰𝚟𝚊𝚣𝚘𝚟","timestamp":"2026-05-23T16:21:54.605Z","userId":2014973670}
{"level":"info","message":"⚡ SIGINT received — graceful shutdown started","timestamp":"2026-05-23T16:30:55.166Z"}
{"level":"info","message":"🤖 Bot ishga tushdi","timestamp":"2026-05-23T19:52:44.119Z"}
{"level":"info","message":"⚡ SIGINT received — graceful shutdown started","timestamp":"2026-05-23T20:04:23.518Z"}
{"level":"info","message":"🤖 Bot ishga tushdi","timestamp":"2026-05-24T07:15:51.294Z"}
{"level":"info","message":"user:start","name":"𝙼𝚞𝚑𝚊𝚖𝚖𝚊𝚍𝚊𝚖𝚒𝚗 𝙰𝚟𝚊𝚣𝚘𝚟","timestamp":"2026-05-24T07:15:55.539Z","userId":2014973670}
{"level":"info","message":"⚡ SIGINT received — graceful shutdown started","timestamp":"2026-05-24T07:25:25.522Z"}
{"level":"info","message":"🤖 Bot ishga tushdi","timestamp":"2026-05-24T07:25:34.576Z"}
{"level":"info","message":"user:start","name":"𝙼𝚞𝚑𝚊𝚖𝚖𝚊𝚍𝚊𝚖𝚒𝚗 𝙰𝚟𝚊𝚣𝚘𝚟","timestamp":"2026-05-24T07:25:37.669Z","userId":2014973670}
{"level":"info","message":"⚡ SIGINT received — graceful shutdown started","timestamp":"2026-05-24T07:37:03.267Z"}
